[    0.000000] Initializing cgroup subsys cpuset
[    0.000000] Initializing cgroup subsys cpu
[    0.000000] Initializing cgroup subsys cpuacct
[    0.000000] Linux version 4.4.0-92-generic (buildd@lcy01-17) (gcc version 5.4.0 20160609 (Ubuntu 5.4.0-6ubuntu1~16.04.4) ) #115-Ubuntu SMP Thu Aug 10 09:04:33 UTC 2017 (Ubuntu 4.4.0-92.115-generic 4.4.76)
[    0.000000] Command line: BOOT_IMAGE=/boot/vmlinuz-4.4.0-92-generic root=LABEL=cloudimg-rootfs ro console=tty1 console=ttyS0
[    0.000000] KERNEL supported cpus:
[    0.000000]   Intel GenuineIntel
[    0.000000]   AMD AuthenticAMD
[    0.000000]   Centaur CentaurHauls
[    0.000000] x86/fpu: xstate_offset[2]:  576, xstate_sizes[2]:  256
[    0.000000] x86/fpu: Supporting XSAVE feature 0x01: 'x87 floating point registers'
[    0.000000] x86/fpu: Supporting XSAVE feature 0x02: 'SSE registers'
[    0.000000] x86/fpu: Supporting XSAVE feature 0x04: 'AVX registers'
[    0.000000] x86/fpu: Enabled xstate features 0x7, context size is 832 bytes, using 'standard' format.
[    0.000000] x86/fpu: Using 'lazy' FPU context switches.
[    0.000000] e820: BIOS-provided physical RAM map:
[    0.000000] BIOS-e820: [mem 0x0000000000000000-0x000000000009fbff] usable
[    0.000000] BIOS-e820: [mem 0x000000000009fc00-0x000000000009ffff] reserved
[    0.000000] BIOS-e820: [mem 0x00000000000f0000-0x00000000000fffff] reserved
[    0.000000] BIOS-e820: [mem 0x0000000000100000-0x000000003ffeffff] usable
[    0.000000] BIOS-e820: [mem 0x000000003fff0000-0x000000003fffffff] ACPI data
[    0.000000] BIOS-e820: [mem 0x00000000fec00000-0x00000000fec00fff] reserved
[    0.000000] BIOS-e820: [mem 0x00000000fee00000-0x00000000fee00fff] reserved
[    0.000000] BIOS-e820: [mem 0x00000000fffc0000-0x00000000ffffffff] reserved
[    0.000000] NX (Execute Disable) protection: active
[    0.000000] SMBIOS 2.5 present.
[    0.000000] Hypervisor detected: KVM
[    0.000000] e820: last_pfn = 0x3fff0 max_arch_pfn = 0x400000000
[    0.000000] MTRR: Disabled
[    0.000000] x86/PAT: MTRRs disabled, skipping PAT initialization too.
[    0.000000] x86/PAT: Configuration [0-7]: WB  WT  UC- UC  WB  WT  UC- UC  
[    0.000000] CPU MTRRs all blank - virtualized system.
[    0.000000] found SMP MP-table at [mem 0x0009fff0-0x0009ffff] mapped at [ffff88000009fff0]
[    0.000000] Scanning 1 areas for low memory corruption
[    0.000000] RAMDISK: [mem 0x36aca000-0x3755cfff]
[    0.000000] ACPI: Early table checksum verification disabled
[    0.000000] ACPI: RSDP 0x00000000000E0000 000024 (v02 VBOX  )
[    0.000000] ACPI: XSDT 0x000000003FFF0030 00003C (v01 VBOX   VBOXXSDT 00000001 ASL  00000061)
[    0.000000] ACPI: FACP 0x000000003FFF00F0 0000F4 (v04 VBOX   VBOXFACP 00000001 ASL  00000061)
[    0.000000] ACPI: DSDT 0x000000003FFF0470 0021C8 (v02 VBOX   VBOXBIOS 00000002 INTL 20100528)
[    0.000000] ACPI: FACS 0x000000003FFF0200 000040
[    0.000000] ACPI: FACS 0x000000003FFF0200 000040
[    0.000000] ACPI: APIC 0x000000003FFF0240 00005C (v02 VBOX   VBOXAPIC 00000001 ASL  00000061)
[    0.000000] ACPI: SSDT 0x000000003FFF02A0 0001CC (v01 VBOX   VBOXCPUT 00000002 INTL 20100528)
[    0.000000] No NUMA configuration found
[    0.000000] Faking a node at [mem 0x0000000000000000-0x000000003ffeffff]
[    0.000000] NODE_DATA(0) allocated [mem 0x3ffeb000-0x3ffeffff]
[    0.000000] kvm-clock: Using msrs 4b564d01 and 4b564d00
[    0.000000] kvm-clock: cpu 0, msr 0:3ffe3001, primary cpu clock
[    0.000000] kvm-clock: using sched offset of 3579752402 cycles
[    0.000000] clocksource: kvm-clock: mask: 0xffffffffffffffff max_cycles: 0x1cd42e4dffb, max_idle_ns: 881590591483 ns
[    0.000000] Zone ranges:
[    0.000000]   DMA      [mem 0x0000000000001000-0x0000000000ffffff]
[    0.000000]   DMA32    [mem 0x0000000001000000-0x000000003ffeffff]
[    0.000000]   Normal   empty
[    0.000000]   Device   empty
[    0.000000] Movable zone start for each node
[    0.000000] Early memory node ranges
[    0.000000]   node   0: [mem 0x0000000000001000-0x000000000009efff]
[    0.000000]   node   0: [mem 0x0000000000100000-0x000000003ffeffff]
[    0.000000] Initmem setup node 0 [mem 0x0000000000001000-0x000000003ffeffff]
[    0.000000] ACPI: PM-Timer IO Port: 0x4008
[    0.000000] IOAPIC[0]: apic_id 2, version 32, address 0xfec00000, GSI 0-23
[    0.000000] ACPI: INT_SRC_OVR (bus 0 bus_irq 0 global_irq 2 dfl dfl)
[    0.000000] ACPI: INT_SRC_OVR (bus 0 bus_irq 9 global_irq 9 high level)
[    0.000000] Using ACPI (MADT) for SMP configuration information
[    0.000000] smpboot: Allowing 2 CPUs, 0 hotplug CPUs
[    0.000000] PM: Registered nosave memory: [mem 0x00000000-0x00000fff]
[    0.000000] PM: Registered nosave memory: [mem 0x0009f000-0x0009ffff]
[    0.000000] PM: Registered nosave memory: [mem 0x000a0000-0x000effff]
[    0.000000] PM: Registered nosave memory: [mem 0x000f0000-0x000fffff]
[    0.000000] e820: [mem 0x40000000-0xfebfffff] available for PCI devices
[    0.000000] Booting paravirtualized kernel on KVM
[    0.000000] clocksource: refined-jiffies: mask: 0xffffffff max_cycles: 0xffffffff, max_idle_ns: 7645519600211568 ns
[    0.000000] setup_percpu: NR_CPUS:512 nr_cpumask_bits:512 nr_cpu_ids:2 nr_node_ids:1
[    0.000000] PERCPU: Embedded 33 pages/cpu @ffff88003fc00000 s98264 r8192 d28712 u1048576
[    0.000000] PV qspinlock hash table entries: 256 (order: 0, 4096 bytes)
[    0.000000] Built 1 zonelists in Node order, mobility grouping on.  Total pages: 257913
[    0.000000] Policy zone: DMA32
[    0.000000] Kernel command line: BOOT_IMAGE=/boot/vmlinuz-4.4.0-92-generic root=LABEL=cloudimg-rootfs ro console=tty1 console=ttyS0
[    0.000000] PID hash table entries: 4096 (order: 3, 32768 bytes)
[    0.000000] Memory: 1001748K/1048120K available (8474K kernel code, 1294K rwdata, 3984K rodata, 1488K init, 1316K bss, 46372K reserved, 0K cma-reserved)
[    0.000000] SLUB: HWalign=64, Order=0-3, MinObjects=0, CPUs=2, Nodes=1
[    0.000000] Hierarchical RCU implementation.
[    0.000000] 	Build-time adjustment of leaf fanout to 64.
[    0.000000] 	RCU restricting CPUs from NR_CPUS=512 to nr_cpu_ids=2.
[    0.000000] RCU: Adjusting geometry for rcu_fanout_leaf=64, nr_cpu_ids=2
[    0.000000] NR_IRQS:33024 nr_irqs:440 16
[    0.000000] Console: colour VGA+ 80x25
[    0.000000] console [tty1] enabled
[    0.000000] console [ttyS0] enabled
[    0.000000] tsc: Detected 2294.770 MHz processor
[    2.029550] Calibrating delay loop (skipped) preset value.. 4589.54 BogoMIPS (lpj=9179080)
[    2.055735] pid_max: default: 32768 minimum: 301
[    2.067894] ACPI: Core revision 20150930
[    2.093711] ACPI: 2 ACPI AML tables successfully acquired and loaded
[    2.121198] Security Framework initialized
[    2.137683] Yama: becoming mindful.
[    2.142197] AppArmor: AppArmor initialized
[    2.150539] Dentry cache hash table entries: 131072 (order: 8, 1048576 bytes)
[    2.165570] Inode-cache hash table entries: 65536 (order: 7, 524288 bytes)
[    2.179655] Mount-cache hash table entries: 2048 (order: 2, 16384 bytes)
[    2.194308] Mountpoint-cache hash table entries: 2048 (order: 2, 16384 bytes)
[    2.213691] Initializing cgroup subsys io
[    2.240615] Initializing cgroup subsys memory
[    2.248687] Initializing cgroup subsys devices
[    2.249667] Initializing cgroup subsys freezer
[    2.256339] Initializing cgroup subsys net_cls
[    2.269766] Initializing cgroup subsys perf_event
[    2.286466] Initializing cgroup subsys net_prio
[    2.307292] Initializing cgroup subsys hugetlb
[    2.323881] Initializing cgroup subsys pids
[    2.329116] CPU: Physical Processor ID: 0
[    2.341079] CPU: Processor Core ID: 0
[    2.361262] mce: CPU supports 0 MCE banks
[    2.380643] Last level iTLB entries: 4KB 512, 2MB 8, 4MB 8
[    2.393033] Last level dTLB entries: 4KB 512, 2MB 32, 4MB 32, 1GB 0
[    2.416887] Freeing SMP alternatives memory: 32K (ffffffff820b9000 - ffffffff820c1000)
[    2.448356] ftrace: allocating 32131 entries in 126 pages
[    2.512104] smpboot: APIC(0) Converting physical 0 to logical package 0
[    2.559374] smpboot: Max logical packages: 1
[    2.585447] x2apic enabled
[    2.593220] Switched APIC routing to physical x2apic.
[    2.615769] ..TIMER: vector=0x30 apic1=0 pin1=2 apic2=-1 pin2=-1
[    2.800423] smpboot: CPU0: Intel(R) Core(TM) i7-3615QM CPU @ 2.30GHz (family: 0x6, model: 0x3a, stepping: 0x9)
[    2.829779] Performance Events: unsupported p6 CPU model 58 no PMU driver, software events only.
[    2.851769] KVM setup paravirtual spinlock
[    2.859082] x86: Booting SMP configuration:
[    2.865519] .... node  #0, CPUs:      #1
[    2.878059] kvm-clock: cpu 1, msr 0:3ffe3041, secondary cpu clock
[    2.920728] mce: CPU supports 0 MCE banks
[    2.946826] x86: Booted up 1 node, 2 CPUs
[    2.961533] smpboot: Total of 2 processors activated (9179.08 BogoMIPS)
[    3.009388] devtmpfs: initialized
[    3.045509] evm: security.selinux
[    3.077699] evm: security.SMACK64
[    3.095311] evm: security.SMACK64EXEC
[    3.116483] evm: security.SMACK64TRANSMUTE
[    3.121077] evm: security.SMACK64MMAP
[    3.133975] evm: security.ima
[    3.141221] evm: security.capability
[    3.147883] clocksource: jiffies: mask: 0xffffffff max_cycles: 0xffffffff, max_idle_ns: 7645041785100000 ns
[    3.194406] futex hash table entries: 512 (order: 3, 32768 bytes)
[    3.212623] pinctrl core: initialized pinctrl subsystem
[    3.230433] RTC time:  3:34:36, date: 08/21/17
[    3.244091] NET: Registered protocol family 16
[    3.269086] cpuidle: using governor ladder
[    3.293480] cpuidle: using governor menu
[    3.312194] PCCT header not found.
[    3.327934] ACPI: bus type PCI registered
[    3.342443] acpiphp: ACPI Hot Plug PCI Controller Driver version: 0.5
[    3.361377] PCI: Using configuration type 1 for base access
[    3.406635] ACPI: Added _OSI(Module Device)
[    3.412961] ACPI: Added _OSI(Processor Device)
[    3.442293] ACPI: Added _OSI(3.0 _SCP Extensions)
[    3.457854] ACPI: Added _OSI(Processor Aggregator Device)
[    3.486935] ACPI: Executed 1 blocks of module-level executable AML code
[    3.532524] ACPI: Interpreter enabled
[    3.577022] ACPI: (supports S0 S5)
[    3.583364] ACPI: Using IOAPIC for interrupt routing
[    3.584647] PCI: Using host bridge windows from ACPI; if necessary, use "pci=nocrs" and report a bug
[    3.620206] ACPI: PCI Root Bridge [PCI0] (domain 0000 [bus 00-ff])
[    3.640652] acpi PNP0A03:00: _OSC: OS supports [ASPM ClockPM Segments MSI]
[    3.691598] acpi PNP0A03:00: _OSC failed (AE_NOT_FOUND); disabling ASPM
[    3.745250] acpi PNP0A03:00: fail to add MMCONFIG information, can't access extended PCI configuration space under this bridge.
[    3.762589] PCI host bridge to bus 0000:00
[    3.798650] pci_bus 0000:00: root bus resource [io  0x0000-0x0cf7 window]
[    3.817984] pci_bus 0000:00: root bus resource [io  0x0d00-0xffff window]
[    3.856916] pci_bus 0000:00: root bus resource [mem 0x000a0000-0x000bffff window]
[    3.871703] pci_bus 0000:00: root bus resource [mem 0x40000000-0xffdfffff window]
[    3.896476] pci_bus 0000:00: root bus resource [bus 00-ff]
[    3.919410] pci 0000:00:01.1: legacy IDE quirk: reg 0x10: [io  0x01f0-0x01f7]
[    3.977822] pci 0000:00:01.1: legacy IDE quirk: reg 0x14: [io  0x03f6]
[    3.998888] pci 0000:00:01.1: legacy IDE quirk: reg 0x18: [io  0x0170-0x0177]
[    4.002729] pci 0000:00:01.1: legacy IDE quirk: reg 0x1c: [io  0x0376]
[    4.092462] pci 0000:00:07.0: quirk: [io  0x4000-0x403f] claimed by PIIX4 ACPI
[    4.160242] pci 0000:00:07.0: quirk: [io  0x4100-0x410f] claimed by PIIX4 SMB
[    4.174908] ACPI: PCI Interrupt Link [LNKA] (IRQs 5 9 10 *11)
[    4.219837] ACPI: PCI Interrupt Link [LNKB] (IRQs 5 9 10 *11)
[    4.278647] ACPI: PCI Interrupt Link [LNKC] (IRQs 5 9 *10 11)
[    4.307914] ACPI: PCI Interrupt Link [LNKD] (IRQs 5 *9 10 11)
[    4.350534] ACPI: Enabled 2 GPEs in block 00 to 07
[    4.360902] vgaarb: setting as boot device: PCI:0000:00:02.0
[    4.386112] vgaarb: device added: PCI:0000:00:02.0,decodes=io+mem,owns=io+mem,locks=none
[    4.420322] vgaarb: loaded
[    4.427914] vgaarb: bridge control possible 0000:00:02.0
[    4.440650] SCSI subsystem initialized
[    4.456503] ACPI: bus type USB registered
[    4.481019] usbcore: registered new interface driver usbfs
[    4.483619] usbcore: registered new interface driver hub
[    4.515244] usbcore: registered new device driver usb
[    4.564094] PCI: Using ACPI for IRQ routing
[    4.587190] NetLabel: Initializing
[    4.599814] NetLabel:  domain hash size = 128
[    4.623157] NetLabel:  protocols = UNLABELED CIPSOv4
[    4.641413] NetLabel:  unlabeled traffic allowed by default
[    4.670506] amd_nb: Cannot enumerate AMD northbridges
[    4.739110] clocksource: Switched to clocksource kvm-clock
[    4.760010] AppArmor: AppArmor Filesystem Enabled
[    4.773563] pnp: PnP ACPI init
[    4.814807] pnp: PnP ACPI: found 3 devices
[    4.832944] clocksource: acpi_pm: mask: 0xffffff max_cycles: 0xffffff, max_idle_ns: 2085701024 ns
[    4.915329] NET: Registered protocol family 2
[    4.962246] TCP established hash table entries: 8192 (order: 4, 65536 bytes)
[    4.969210] TCP bind hash table entries: 8192 (order: 5, 131072 bytes)
[    4.983316] TCP: Hash tables configured (established 8192 bind 8192)
[    5.032811] UDP hash table entries: 512 (order: 2, 16384 bytes)
[    5.037956] UDP-Lite hash table entries: 512 (order: 2, 16384 bytes)
[    5.059247] NET: Registered protocol family 1
[    5.064132] pci 0000:00:00.0: Limiting direct PCI/PCI transfers
[    5.096763] pci 0000:00:01.0: Activating ISA DMA hang workarounds
[    5.114819] Unpacking initramfs...
[    6.994309] Freeing initrd memory: 10828K (ffff880036aca000 - ffff88003755d000)
[    7.052459] RAPL PMU detected, API unit is 2^-32 Joules, 3 fixed counters 10737418240 ms ovfl timer
[    7.160479] hw unit of domain pp0-core 2^-0 Joules
[    7.181880] hw unit of domain package 2^-0 Joules
[    7.199289] hw unit of domain pp1-gpu 2^-0 Joules
[    7.204468] platform rtc_cmos: registered platform RTC device (no PNP device found)
[    7.215343] Scanning for low memory corruption every 60 seconds
[    7.240479] audit: initializing netlink subsys (disabled)
[    7.256010] audit: type=2000 audit(1503286482.253:1): initialized
[    7.285779] Initialise system trusted keyring
[    7.315769] HugeTLB registered 2 MB page size, pre-allocated 0 pages
[    7.338556] zbud: loaded
[    7.346511] VFS: Disk quotas dquot_6.6.0
[    7.363465] VFS: Dquot-cache hash table entries: 512 (order 0, 4096 bytes)
[    7.412951] squashfs: version 4.0 (2009/01/31) Phillip Lougher
[    7.451404] fuse init (API version 7.23)
[    7.513258] Key type big_key registered
[    7.523692] Allocating IMA MOK and blacklist keyrings.
[    7.526795] Key type asymmetric registered
[    7.537306] Asymmetric key parser 'x509' registered
[    7.559879] Block layer SCSI generic (bsg) driver version 0.4 loaded (major 249)
[    7.573867] io scheduler noop registered
[    7.585717] io scheduler deadline registered (default)
[    7.608993] io scheduler cfq registered
[    7.620167] pci_hotplug: PCI Hot Plug PCI Core version: 0.5
[    7.668019] pciehp: PCI Express Hot Plug Controller Driver version: 0.4
[    7.688505] ACPI: AC Adapter [AC] (off-line)
[    7.697997] input: Power Button as /devices/LNXSYSTM:00/LNXPWRBN:00/input/input0
[    7.752530] ACPI: Power Button [PWRF]
[    7.770794] input: Sleep Button as /devices/LNXSYSTM:00/LNXSLPBN:00/input/input1
[    7.795335] ACPI: Sleep Button [SLPF]
[    7.822054] GHES: HEST is not enabled!
[    7.823680] ACPI: Battery Slot [BAT0] (battery present)
[    7.862382] Serial: 8250/16550 driver, 32 ports, IRQ sharing enabled
[    7.969413] 00:02: ttyS0 at I/O 0x3f8 (irq = 4, base_baud = 115200) is a 16550A
[    7.979709] Linux agpgart interface v0.103
[    8.012148] loop: module loaded
[    8.026935] scsi host0: ata_piix
[    8.055987] scsi host1: ata_piix
[    8.056903] ata1: PATA max UDMA/33 cmd 0x1f0 ctl 0x3f6 bmdma 0xd000 irq 14
[    8.076301] ata2: PATA max UDMA/33 cmd 0x170 ctl 0x376 bmdma 0xd008 irq 15
[    8.097168] libphy: Fixed MDIO Bus: probed
[    8.119849] tun: Universal TUN/TAP device driver, 1.6
[    8.128859] tun: (C) 1999-2004 Max Krasnyansky <maxk@qualcomm.com>
[    8.226413] tsc: Refined TSC clocksource calibration: 2293.154 MHz
[    8.227738] clocksource: tsc: mask: 0xffffffffffffffff max_cycles: 0x210df1cb482, max_idle_ns: 440795213103 ns
[    8.303537] PPP generic driver version 2.4.2
[    8.312460] ehci_hcd: USB 2.0 'Enhanced' Host Controller (EHCI) Driver
[    8.326140] ehci-pci: EHCI PCI platform driver
[    8.327178] ehci-platform: EHCI generic platform driver
[    8.354976] ohci_hcd: USB 1.1 'Open' Host Controller (OHCI) Driver
[    8.382450] ohci-pci: OHCI PCI platform driver
[    8.395180] ohci-platform: OHCI generic platform driver
[    8.396741] uhci_hcd: USB Universal Host Controller Interface driver
[    8.398639] i8042: PNP: PS/2 Controller [PNP0303:PS2K,PNP0f03:PS2M] at 0x60,0x64 irq 1,12
[    8.435441] serio: i8042 KBD port at 0x60,0x64 irq 1
[    8.462965] serio: i8042 AUX port at 0x60,0x64 irq 12
[    8.471516] mousedev: PS/2 mouse device common for all mice
[    8.477812] input: AT Translated Set 2 keyboard as /devices/platform/i8042/serio0/input/input2
[    8.509840] rtc_cmos rtc_cmos: rtc core: registered rtc_cmos as rtc0
[    8.525610] rtc_cmos rtc_cmos: alarms up to one day, 114 bytes nvram
[    8.560366] i2c /dev entries driver
[    8.595949] device-mapper: uevent: version 1.0.3
[    8.625174] device-mapper: ioctl: 4.34.0-ioctl (2015-10-28) initialised: dm-devel@redhat.com
[    8.649466] ledtrig-cpu: registered to indicate activity on CPUs
[    8.687976] NET: Registered protocol family 10
[    8.736624] NET: Registered protocol family 17
[    8.770125] Key type dns_resolver registered
[    8.784936] microcode: CPU0 sig=0x306a9, pf=0x2, revision=0x19
[    8.831155] microcode: CPU1 sig=0x306a9, pf=0x2, revision=0x19
[    8.846250] microcode: Microcode Update Driver: v2.01 <tigran@aivazian.fsnet.co.uk>, Peter Oruba
[    8.902765] registered taskstats version 1
[    8.908046] Loading compiled-in X.509 certificates
[    8.956976] Loaded X.509 cert 'Build time autogenerated kernel key: 01a2b0d0dba8d37a863918580fc16590a7d146c8'
[    9.024145] zswap: loaded using pool lzo/zbud
[    9.042301] Key type trusted registered
[    9.107654] Key type encrypted registered
[    9.142510] AppArmor: AppArmor sha1 policy hashing enabled
[    9.158528] ima: No TPM chip found, activating TPM-bypass!
[    9.196312] evm: HMAC attrs: 0x1
[    9.197507]   Magic number: 13:933:563
[    9.238546] platform Fixed MDIO bus.0: hash matches
[    9.266923] rtc_cmos rtc_cmos: setting system clock to 2017-08-21 03:34:42 UTC (1503286482)
[    9.277177] BIOS EDD facility v0.16 2004-Jun-25, 0 devices found
[    9.305379] EDD information not available.
[    9.335132] Freeing unused kernel memory: 1488K (ffffffff81f45000 - ffffffff820b9000)
[    9.372334] Write protecting the kernel read-only data: 14336k
[    9.378332] Freeing unused kernel memory: 1752K (ffff88000184a000 - ffff880001a00000)
[    9.411952] Freeing unused kernel memory: 112K (ffff880001de4000 - ffff880001e00000)
Loading, please wait...
starting version[    9.494498] random: systemd-udevd: uninitialized urandom read (16 bytes read, 4 bits of entropy available)
 229
[    9.494961] random: udevadm: uninitialized urandom read (16 bytes read, 4 bits of entropy available)
[    9.495000] random: udevadm: uninitialized urandom read (16 bytes read, 4 bits of entropy available)
[    9.495127] random: udevadm: uninitialized urandom read (16 bytes read, 4 bits of entropy available)
[    9.495243] random: udevadm: uninitialized urandom read (16 bytes read, 4 bits of entropy available)
[    9.495291] random: udevadm: uninitialized urandom read (16 bytes read, 4 bits of entropy available)
[    9.495337] random: udevadm: uninitialized urandom read (16 bytes read, 4 bits of entropy available)
[    9.495388] random: udevadm: uninitialized urandom read (16 bytes read, 4 bits of entropy available)
[    9.495434] random: udevadm: uninitialized urandom read (16 bytes read, 4 bits of entropy available)
[    9.495478] random: udevadm: uninitialized urandom read (16 bytes read, 4 bits of entropy available)
[    9.938573] e1000: Intel(R) PRO/1000 Network Driver - version 7.3.21-k8-NAPI
[    9.982337] e1000: Copyright (c) 1999-2006 Intel Corporation.
[   10.023722] Fusion MPT base driver 3.04.20
[   10.043544] Copyright (c) 1999-2008 LSI Corporation
[   10.082532] Fusion MPT SPI Host driver 3.04.20
[   10.157153] AVX version of gcm_enc/dec engaged.
[   10.161787] AES CTR mode by8 optimization enabled
[   10.376342] input: ImExPS/2 Generic Explorer Mouse as /devices/platform/i8042/serio1/input/input4
[   10.484559] e1000 0000:00:03.0 eth0: (PCI:33MHz:32-bit) 02:2b:21:2a:21:0d
[   10.536957] e1000 0000:00:03.0 eth0: Intel(R) PRO/1000 Network Connection
[   10.561928] e1000 0000:00:03.0 enp0s3: renamed from eth0
[   10.586075] mptbase: ioc0: Initiating bringup
[   10.651682] ioc0: LSI53C1030 A0: Capabilities={Initiator}
[   10.848594] scsi host2: ioc0: LSI53C1030 A0, FwRev=00000000h, Ports=1, MaxQ=256, IRQ=20
[   10.988250] scsi 2:0:0:0: Direct-Access     VBOX     HARDDISK         1.0  PQ: 0 ANSI: 5
[   11.043781] scsi target2:0:0: Beginning Domain Validation
[   11.062839] scsi target2:0:0: Domain Validation skipping write tests
[   11.110970] scsi target2:0:0: Ending Domain Validation
[   11.148537] scsi target2:0:0: asynchronous
[   11.153323] scsi 2:0:1:0: Direct-Access     VBOX     HARDDISK         1.0  PQ: 0 ANSI: 5
[   11.175181] scsi target2:0:1: Beginning Domain Validation
[   11.217453] scsi target2:0:1: Domain Validation skipping write tests
[   11.231219] scsi target2:0:1: Ending Domain Validation
[   11.286263] scsi target2:0:1: asynchronous
[   11.305067] sd 2:0:0:0: [sda] 20971520 512-byte logical blocks: (10.7 GB/10.0 GiB)
[   11.343134] sd 2:0:0:0: Attached scsi generic sg0 type 0
[   11.388287] sd 2:0:0:0: [sda] Write Protect is off
[   11.392379] sd 2:0:1:0: [sdb] 20480 512-byte logical blocks: (10.5 MB/10.0 MiB)
[   11.392671] sd 2:0:1:0: [sdb] Write Protect is off
[   11.392834] sd 2:0:1:0: [sdb] Incomplete mode parameter data
[   11.392835] sd 2:0:1:0: [sdb] Assuming drive cache: write through
[   11.418794] sd 2:0:1:0: Attached scsi generic sg1 type 0
[   11.434335] sd 2:0:1:0: [sdb] Attached SCSI disk
[   11.514865] sd 2:0:0:0: [sda] Incomplete mode parameter data
[   11.545025] sd 2:0:0:0: [sda] Assuming drive cache: write through
[   11.584681]  sda: sda1
[   11.594873] sd 2:0:0:0: [sda] Attached SCSI disk
[   13.143558] floppy0: no floppy controllers found
Begin: Loading e[   14.516540] md: linear personality registered for level -1
ssential drivers[   14.589288] md: multipath personality registered for level -4
 ... [   14.608899] md: raid0 personality registered for level 0
[   14.643365] md: raid1 personality registered for level 1
[   14.759445] raid6: sse2x1   gen()  7751 MB/s
[   14.835289] raid6: sse2x1   xor()  5003 MB/s
[   14.935641] raid6: sse2x2   gen()  9439 MB/s
[   15.035217] raid6: sse2x2   xor()  6981 MB/s
[   15.131304] raid6: sse2x4   gen() 11230 MB/s
[   15.227281] raid6: sse2x4   xor()  8426 MB/s
[   15.236127] raid6: using algorithm sse2x4 gen() 11230 MB/s
[   15.293569] raid6: .... xor() 8426 MB/s, rmw enabled
[   15.341353] raid6: using ssse3x2 recovery algorithm
[   15.405785] xor: automatically using best checksumming function:
[   15.479174]    avx       : 15719.000 MB/sec
[   15.502547] async_tx: api initialized (async)
[   15.518451] md: raid6 personality registered for level 6
[   15.573996] md: raid5 personality registered for level 5
[   15.581077] md: raid4 personality registered for level 4
[   15.619893] md: raid10 personality registered for level 10
done.
Begin: Running /scripts/init-premount ... done.
Begin: Mounting root file system ... Begin: Running /scripts/local-top ... done.
Begin: Running /scripts/local-premount ... [   15.666315] Btrfs loaded
Scanning for Btrfs filesystems
done.
Warning: fsck not present, so skipping root file system
[   16.319804] EXT4-fs (sda1): mounted filesystem with ordered data mode. Opts: (null)
done.
Begin: Running /scripts/local-bottom ... done.
Begin: Running /scripts/init-bottom ... [   16.716147] random: nonblocking pool is initialized
done.
[   19.710007] systemd[1]: systemd 229 running in system mode. (+PAM +AUDIT +SELINUX +IMA +APPARMOR +SMACK +SYSVINIT +UTMP +LIBCRYPTSETUP +GCRYPT +GNUTLS +ACL +XZ -LZ4 +SECCOMP +BLKID +ELFUTILS +KMOD -IDN)
[   19.726547] systemd[1]: Detected virtualization oracle.
[   19.742439] systemd[1]: Detected architecture x86-64.

Welcome to [1mUbuntu 16.04.3 LTS[0m!

[   19.912787] systemd[1]: Set hostname to <ubuntu>.
[   20.076145] systemd[1]: Initializing machine ID from random generator.
[   20.157086] systemd[1]: Installed transient /etc/machine-id file.
[   22.894773] systemd[1]: Reached target User and Group Name Lookups.
[[0;32m  OK  [0m] Reached target User and Group Name Lookups.
[   22.975597] systemd[1]: Listening on /dev/initctl Compatibility Named Pipe.
[[0;32m  OK  [0m] Listening on /dev/initctl Compatibility Named Pipe.
[   23.024078] systemd[1]: Created slice System Slice.
[[0;32m  OK  [0m] Created slice System Slice.
[   23.067834] systemd[1]: Listening on Device-mapper event daemon FIFOs.
[[0;32m  OK  [0m] Listening on Device-mapper event daemon FIFOs.
[   23.135284] systemd[1]: Reached target Swap.
[[0;32m  OK  [0m] Reached target Swap.
[   23.168447] systemd[1]: Created slice User and Session Slice.
[[0;32m  OK  [0m] Created slice User and Session Slice.
[   23.188247] systemd[1]: Listening on Journal Audit Socket.
[[0;32m  OK  [0m] Listening on Journal Audit Socket.
[   23.227693] systemd[1]: Listening on udev Control Socket.
[[0;32m  OK  [0m] Listening on udev Control Socket.
[   23.279579] systemd[1]: Started Trigger resolvconf update for networkd DNS.
[[0;32m  OK  [0m] Started Trigger resolvconf update for networkd DNS.
[   23.402422] systemd[1]: Reached target Slices.
[[0;32m  OK  [0m] Reached target Slices.
[   23.444051] systemd[1]: Listening on udev Kernel Socket.
[[0;32m  OK  [0m] Listening on udev Kernel Socket.
[   23.507517] systemd[1]: Listening on Journal Socket (/dev/log).
[[0;32m  OK  [0m] Listening on Journal Socket (/dev/log).
[   23.530928] systemd[1]: Listening on Journal Socket.
[[0;32m  OK  [0m] Listening on Journal Socket.
[   23.603477] systemd[1]: Starting Nameserver information manager...
         Starting Nameserver information manager...
[   23.667306] systemd[1]: Mounting POSIX Message Queue File System...
         Mounting POSIX Message Queue File System...
[   23.708461] systemd[1]: Mounting Huge Pages File System...
         Mounting Huge Pages File System...
[   23.791366] systemd[1]: Mounting Debug File System...
         Mounting Debug File System...
[   23.810410] systemd[1]: Starting Uncomplicated firewall...
         Starting Uncomplicated firewall...
[   23.919646] systemd[1]: Starting Load Kernel Modules...
         Starting Load Kernel Modules...
[   23.945549] systemd[1]: Starting Remount Root and Kernel File Systems...
         [   23.994935] EXT4-fs (sda1): re-mounted. Opts: (null)
Starting Remount Root and Kernel File Systems...
[   24.034098] systemd[1]: Starting Create list of required static device nodes for the current kernel...
         Starting Create list of[   24.123694] Loading iSCSI transport class v2.0-870.
 required st... nodes for the current kernel...
[   24.186509] systemd[1]: Started Forward Password Requests to Wall Directory Watch.
[[0;32m  OK  [0m] Started Forward Password Requests to Wall Directory Watch.
[   24.220319] systemd[1]: Set up automount Arbitrary Executable File Formats File System Automount Point.
[[0;32m  OK  [0m] Set up automount Arbitrary Executab...ats File System Automo[   24.306277] iscsi: registered transport (tcp)
unt Point.
[   24.368420] systemd[1]: Created slice system-serial\x2dgetty.slice.
[[0;32m  OK  [0m] Created slice system-serial\x2dgetty.slice.
[   24.433401] systemd[1]: Listening on LVM2 poll daemon socket.
[[0;32m  OK  [0m] Listening on LVM2 poll daemon socket.
[   24.461123] iscsi: registered transport (iser)
[   24.496092] systemd[1]: Starting Set console keymap...
         Starting Set console keymap...
[   24.555856] systemd[1]: Reached target Encrypted Volumes.
[[0;32m  OK  [0m] Reached target Encrypted Volumes.
[   24.603840] systemd[1]: Listening on Syslog Socket.
[[0;32m  OK  [0m] Listening on Syslog Socket.
[   24.659525] systemd[1]: Starting Journal Service...
         Starting Journal Service...
[   24.686889] systemd[1]: Listening on LVM2 metadata daemon socket.
[[0;32m  OK  [0m] Listening on LVM2 metadata daemon socket.
[   24.755656] systemd[1]: Starting Monitoring of LVM2 mirrors, snapshots etc. using dmeventd or progress polling...
         Starting Monitoring of LVM2 mirrors... dmeventd or progress polling...
[   24.872536] systemd[1]: Mounted POSIX Message Queue File System.
[[0;32m  OK  [0m] Mounted POSIX Message Queue File System.
[   24.943700] systemd[1]: Mounted Debug File System.
[[0;32m  OK  [0m] Mounted Debug File System.
[   24.979704] systemd[1]: Mounted Huge Pages File System.
[[0;32m  OK  [0m] Mounted Huge Pages File System.
[   25.084066] systemd[1]: Started Journal Service.
[[0;32m  OK  [0m] Started Journal Service.
[[0;32m  OK  [0m] Started Uncomplicated firewall.
[[0;32m  OK  [0m] Started Load Kernel Modules.
[[0;32m  OK  [0m] Started Remount Root and Kernel File Systems.
[[0;32m  OK  [0m] Started Create list of required sta...ce nodes for the current kernel.
[[0;32m  OK  [0m] Started Set console keymap.
[[0;32m  OK  [0m] Started Nameserver information manager.
[[0;32m  OK  [0m] Started LVM2 metadata daemon.
         Starting Create Static Device Nodes in /dev...
         Starting Initial cloud-init job (pre-networking)...
         Starting udev Coldplug all Devices...
         Starting Load/Save Random Seed...
         Mounting FUSE Control File System...
         Starting Apply Kernel Variables...
         Starting Flush Journal to Persistent Storage...
[[0;32m  OK  [0m] Mounted FUSE Control File System.
[[0;32m  OK  [0m] Started udev Coldplug all Devices.
[[0;32m  OK  [0m] Started Load/Save Random Seed.
[   25.908559] systemd-journald[410]: Received request to flush runtime journal from PID 1
[[0;32m  OK  [0m] Started Flush Journal to Persistent Storage.
[[0;32m  OK  [0m] Started Apply Kernel Variables.
[[0;32m  OK  [0m] Started Monitoring of LVM2 mirrors,...ng dmeventd or progress polling.
[[0;32m  OK  [0m] Started Create Static Device Nodes in /dev.
         Starting udev Kernel Device Manager...
[[0;32m  OK  [0m] Started udev Kernel Device Manager.
[[0;32m  OK  [0m] Started Dispatch Password Requests to Console Directory Watch.
[[0;32m  OK  [0m] Reached target Local File Systems (Pre).
[[0;32m  OK  [0m] Reached target Local File Systems.
         Starting Set console font and keymap...
         Starting Create Volatile Files and Directories...
         Starting Tell Plymouth To Write Out Runtime Data...
         Starting Commit a transient machine-id on disk...
         Starting LSB: AppArmor initialization...
[[0;32m  OK  [0m] Started Commit a transient machine-id on disk.
[[0;32m  OK  [0m] Found device /dev/ttyS0.
[[0;32m  OK  [0m] Started Tell Plymouth To Write Out Runtime Data.
[[0;32m  OK  [0m] Started Create Volatile Files and Directories.
[[0;32m  OK  [0m] Reached target System Time Synchronized.
         Starting Update UTMP about System Boot/Shutdown...
[[0;32m  OK  [0m] Started Update UTMP about System Boot/Shutdown.
[[0;32m  OK  [0m] Listening on Load/Save RF Kill Switch Status /dev/rfkill Watch.
[[0;32m  OK  [0m] Started LSB: AppArmor initialization.
[[0;32m  OK  [0m] Started Set console font and keymap.
[[0;32m  OK  [0m] Created slice system-getty.slice.
[   30.575746] cloud-init[437]: Cloud-init v. 0.7.9 running 'init-local' at Mon, 21 Aug 2017 03:35:07 +0000. Up 29.81 seconds.
[[0;32m  OK  [0m] Started Initial cloud-init job (pre-networking).
[[0;32m  OK  [0m] Reached target Network (Pre).
         Starting Raise network interfaces...
[[0;32m  OK  [0m] Started Raise network interfaces.
[[0;32m  OK  [0m] Reached target Network.
         Starting Initial cloud-init job (metadata service crawler)...
[   33.729535] cloud-init[936]: Cloud-init v. 0.7.9 running 'init' at Mon, 21 Aug 2017 03:35:08 +0000. Up 31.62 seconds.
[   33.788410] cloud-init[936]: ci-info: +++++++++++++++++++++++++++++++++++++Net device info++++++++++++++++++++++++++++++++++++++
[   33.788637] cloud-init[936]: ci-info: +--------+------+----------------------------+---------------+-------+-------------------+
[[0;32m  OK  [0m] Started Initial cloud-init job (metadata service crawler).
[   33.788798] cloud-init[936]: ci-info: | Device |  Up  |          Address           |      Mask     | Scope |     Hw-Address    |
[   33.988408] cloud-init[936]: ci-info: +--------+------+----------------------------+---------------+-------+-------------------+
[   33.988760] cloud-init[936]: ci-info: | enp0s3 | True |         10.0.2.15          | 255.255.255.0 |   .   | 02:2b:21:2a:21:0d |
[[0;32m  OK  [0m] Reached target System Initialization.
         [   33.988921] Starting Socket activation for snappy daemon.cloud-init
[936]: ci-info: | enp0s3 | True | fe80::2b:21ff:fe2a:210d/64 |       .       |  link | 02:2b:21:2a:21:0d |
[   34.152523] cloud-init[936]: ci-info: |   lo   | True |         127.0.0.1          |   255.0.0.0   |   .   |         .         |
[   34.152831] cloud-init[936]: ci-info: |   lo   | True |          ::1/128           |       .       |  host |         .         |
[[0;32m  OK  [0m] Listening on D-Bus System Message Bus Socket.
[   34.153015] cloud-init[936]: ci-info: +--------+------+----------------------------+---------------+-------+-------------------+
[   34.373030] cloud-init[936]: ci-info: +++++++++++++++++++++++++++Route IPv4 info++++++++++++++++++++++++++++
[   34.373416] cloud-init[936]: ci-info: +-------+-------------+----------+---------------+-----------+-------+
[[0;32m  OK  [0m] Started ACPI Events Check.
[   34.373590] cloud-init[936]: ci-info: | Route | Destination | Gateway  |    Genmask    | Interface | Flags |
[[0;32m  OK  [0m] Reached target Paths.
[   34.485056] cloud-init[936]: ci-info: +-------+-------------+----------+---------------+-----------+-------+
[   34.613831] cloud-init[936]: ci-info: |   0   |   0.0.0.0   | 10.0.2.2 |    0.0.0.0    |   enp0s3  |   UG  |
[   34.614121] cloud-init[936]: ci-info: |   1   |   10.0.2.0  | 0.0.0.0  | 255.255.255.0 |   enp0s3  |   U   |
         Starting LXD - unix socket.
[   34.614289] cloud-init[936]: ci-info: +-------+-------------+----------+---------------+-----------+-------+
[   34.772881] cloud-init[936]: Generating public/private rsa key pair.
[[   34.773251] [0;32m  OK  [0mcloud-init] [936]: Started Timer to automatically refresh installed snaps.Your identification has been saved in /etc/ssh/ssh_host_rsa_key.

[[   34.773516] cloud-init[936]: Your public key has been saved in /etc/ssh/ssh_host_rsa_key.pub.
[   34.849761] cloud-init[936]: The key fingerprint is:
[0;32m  OK  [0m] Started Daily Cleanup of Temporary Directories.
[[   34.849880] cloud-init[936]: SHA256:3KVPFAjfA0tQVOT5RdTXdyd7PUbN9zCSf5o6TbQyeM0 root@ubuntu-xenial
[   34.937047] cloud-init[936]: The key's randomart image is:
[   34.937167] cloud-init[936]: +---[RSA 2048]----+
[   34.937347] cloud-init[936]: |        o==++. o*|
[   34.937530] cloud-init[936]: |         o.=oo+o@|
[   34.937716] cloud-init[936]: |          o Bo.=X|
[0;32m  OK  [0m] Listening on ACPID Listen Socket.
[[   34.938041] cloud-init[936]: |       . . + o++=|
[   35.121053] cloud-init[936]: |        S o..+o*.|
[0;32m  OK  [0m] Listening on UUID daemon activation socket.
[   35.121236] cloud-init[936]: |          .o+ E  |
[   35.150323] cloud-init[936]: |           ..*   |
[[0;32m  OK  [0m] Reached target Cloud-config availability.
[   35.150456] cloud-init[936]: |            o .  |
[[   35.245167] [0;32m  OK  [0mcloud-init] [936]: Reached target Network is Online.|             .   |

[   35.245598] cloud-init[936]: +----[SHA256]-----+
[   35.356618] cloud-init[936]: Generating public/private dsa key pair.
[   35.356909] cloud-init[936]: Your identification has been saved in /etc/ssh/ssh_host_dsa_key.
         Starting iSCSI initiator daemon (iscsid)...
[   35.357096] cloud-init[936]: Your public key has been saved in /etc/ssh/ssh_host_dsa_key.pub.
[   35.463748] cloud-init[936]: The key fingerprint is:
[[0;32m  OK  [0m] Started Daily apt download activities.
[[   35.464083] cloud-init[936]: SHA256:1JpmpJwMoOpKTICZqTCVZLTjLpY+lSJbc4sPOVzPh+M root@ubuntu-xenial
[   35.545379] cloud-init[936]: The key's randomart image is:
[0;32m  OK  [0m] Started Daily apt upgrade and clean activities.
[[   35.545543] cloud-init[936]: +---[DSA 1024]----+
[   35.629052] cloud-init[936]: | o*.             |
[   35.629179] cloud-init[936]: |.B.o     .       |
[0;32m  OK  [0m] Reached target Timers.
[   35.629362] cloud-init[936]: |X o .   o .      |
[   35.728901] cloud-init[936]: |=o . + = o       |
[   35.729444] cloud-init[936]: |o.. o = S        |
[[0;32m  OK  [0m] Listening on Socket activation for snappy daemon.
[[   35.729805] cloud-init[936]: |=++=.o +         |
[   35.789750] cloud-init[936]: |oOO+ .= .        |
[0;32m  OK  [0m] Listening on LXD - unix socket.
[   35.790053] cloud-init[936]: |*o.o.. o         |
[   35.896336] cloud-init[936]: |..... E          |
[   35.896649] cloud-init[936]: +----[SHA256]-----+
[[0;32m  OK  [0m] Reached target Sockets.
[   35.896831] cloud-init[936]: Generating public/private ecdsa key pair.
[   35.918707] cloud-init[936]: Your identification has been saved in /etc/ssh/ssh_host_ecdsa_key.
[[0;32m  OK  [0m] Reached target Basic System.
[   35.918836] cloud-init[936]: Your public key has been saved in /etc/ssh/ssh_host_ecdsa_key.pub.
[   36.044587] cloud-init[936]: The key fingerprint is:
[   36.044977] cloud-init[936]: SHA256:XxJs0K+fTfn1z9ev8QdPUd+qBQd1InhFNfrxANKsVgA root@ubuntu-xenial
         Starting System Logging Service...
[   36.045189] cloud-init[936]: The key's randomart image is:
[   36.176398] cloud-init[936]: +---[ECDSA 256]---+
[   36.176735] cloud-init[936]: |        Eoo=o+=oo|
[[0;32m  OK  [0m] Started Deferred execution scheduler.
[   36.176927] cloud-init[936]: |         oo.*o.oo|
[   36.254963] cloud-init[936]: |          += o..+|
[   36.280557] cloud-init[936]: |         .o.o oo=|
[   36.280905] cloud-init[936]: |        S....o +o|
[[0;32m  OK  [0m] Started FUSE filesystem for LXC.
[   36.281274] cloud-init[936]: |         ..o  * o|
[   36.384721] cloud-init[936]: |          .. *.=+|
[   36.385275] cloud-init[936]: |            + .+B|
         Starting Accounts Service...
[   36.385591] cloud-init[936]: |              ..X|
[   36.428548] cloud-init[936]: +----[SHA256]-----+
[   36.428824] cloud-init[936]: Generating public/private ed25519 key pair.
[[0;32m  OK  [0m] Started Unattended Upgrades Shutdown.
[   36.429009] cloud-init[936]: Your identification has been saved in /etc/ssh/ssh_host_ed25519_key.
[   36.520560] cloud-init[936]: Your public key has been saved in /etc/ssh/ssh_host_ed25519_key.pub.
[   36.520891] cloud-init[936]: The key fingerprint is:
         Starting Apply the settings specified in cloud-config...
[   36.521167] cloud-init[936]: SHA256:iPRAiCstdN6/hpGXN7TAV75GsXCweXWVoMEMicQpybc root@ubuntu-xenial
[   36.612560] cloud-init[936]: The key's randomart image is:
[   36.628481] cloud-init[936]: +--[ED25519 256]--+
[   36.628755] cloud-init[936]: | . .o +.oo*. o..+|
         Starting Pollinate to seed the pseudo random number generator...
[   36.628900] cloud-init[936]: |...o + = oo*+ .. |
[   36.692815] cloud-init[936]: |.oo + + .o=oo    |
[   36.693080] cloud-init[936]: |+ .o = E o.+     |
         Starting /etc/rc.local Compatibility...
[   36.693262] cloud-init[936]: |..  . = S o .    |
[   36.760654] cloud-init[936]: |     o + + o     |
[   36.760864] cloud-init[936]: |      + o o      |
         Starting LXD - container startup/shutdown...
[   36.761030] cloud-init[936]: |     . o         |
         Starting LSB: Record successful boot for GRUB...
[   36.850446] cloud-init[936]: |      .          |
[   36.908586] cloud-init[936]: +----[SHA256]-----+
[[0;32m  OK  [0m] Started D-Bus System Message Bus.
[   39.319189] cloud-init[1047]: Generating locales (this might take a while)...
[[0;32m  OK  [0m] Started ACPI event daemon.
         Starting Login Service...
[[0;32m  OK  [0m] Started Regular background program processing daemon.
         Starting LSB: MD monitoring daemon...
[[0;32m  OK  [0m] Started Snappy daemon.
         Starting Auto import assertions from block devices...
[[0;32m  OK  [0m] Started System Logging Service.
[[0;32m  OK  [0m] Started iSCSI initiator daemon (iscsid).
[[0;32m  OK  [0m] Started /etc/rc.local Compatibility.
[[0;32m  OK  [0m] Started Auto import assertions from block devices.
         Starting Login to default iSCSI targets...
[[0;32m  OK  [0m] Started Login Service.
[[0;32m  OK  [0m] Started LSB: Record successful boot for GRUB.
         Starting Authenticate and Authorize Users to Run Privileged Tasks...
[[0;32m  OK  [0m] Started LSB: MD monitoring daemon.
[[0;32m  OK  [0m] Started Login to default iSCSI targets.
[[0;32m  OK  [0m] Reached target Remote File Systems (Pre).
[[0;32m  OK  [0m] Reached target Remote File Systems.
         Starting LSB: Set the CPU Frequency Scaling governor to "ondemand"...
         Starting LSB: daemon to balance interrupts for SMP systems...
         Starting LSB: automatic crash report generation...
         Starting Permit User Sessions...
         Starting LSB: VirtualBox Linux Additions...
[[0;32m  OK  [0m] Started LSB: Set the CPU Frequency Scaling governor to "ondemand".
[[0;32m  OK  [0m] Started Permit User Sessions.
         Starting Terminate Plymouth Boot Screen...
         Starting Hold until boot process finishes up...
[[0;32m  OK  [0m] Started Terminate Plymouth Boot Screen.
[[0;32m  OK  [0m] Started Hold until boot process finishes up.
         Starting Set console scheme...
[[0;32m  OK  [0m] Started Serial Getty on ttyS0.
[[0;32m  OK  [0m] Started Getty on tty1.
[[0;32m  OK  [0m] Reached target Login Prompts.
[[0;32m  OK  [0m] Started Set console scheme.
[[0;32m  OK  [0m] Started LSB: automatic crash report generation.
[[0;32m  OK  [0m] Started LSB: daemon to balance interrupts for SMP systems.
[[0;32m  OK  [0m] Started Authenticate and Authorize Users to Run Privileged Tasks.
[[0;32m  OK  [0m] Started Accounts Service.
[   43.295215] cloud-init[1047]:   en_US.UTF-8... done
[   43.468838] cloud-init[1047]: Generation complete.
[[0;32m  OK  [0m] Started LSB: VirtualBox Linux Additions.
[[0;32m  OK  [0m] Started Pollinate to seed the pseudo random number generator.
         Starting OpenBSD Secure Shell server...
[[0;32m  OK  [0m] Started OpenBSD Secure Shell server.
         Stopping OpenBSD Secure Shell server...
[[0;32m  OK  [0m] Stopped OpenBSD Secure Shell server.
         Starting OpenBSD Secure Shell server...
[[0;32m  OK  [0m] Started OpenBSD Secure Shell server.
[[0;32m  OK  [0m] Started LXD - container startup/shutdown.
[[0;32m  OK  [0m] Reached target Multi-User System.
[[0;32m  OK  [0m] Reached target Graphical Interface.
         Starting Update UTMP about System Runlevel Changes...
[[0;32m  OK  [0m] Started Update UTMP about System Runlevel Changes.
[[0;32m  OK  [0m] Created slice User Slice of ubuntu.
         Starting User Manager for UID 1000...
[[0;32m  OK  [0m] Started Session 1 of user ubuntu.
[[0;32m  OK  [0m] Started User Manager for UID 1000.

Ubuntu 16.04.3 LTS ubuntu-xenial ttyS0

ubuntu-xenial login: [   48.847668] cloud-init[1047]: Cloud-init v. 0.7.9 running 'modules:config' at Mon, 21 Aug 2017 03:35:14 +0000. Up 36.91 seconds.
ci-info: no authorized ssh keys fingerprints found for user ubuntu.
<14>Aug 21 03:35:27 ec2: 
<14>Aug 21 03:35:27 ec2: #############################################################
<14>Aug 21 03:35:27 ec2: -----BEGIN SSH HOST KEY FINGERPRINTS-----
<14>Aug 21 03:35:27 ec2: 1024 SHA256:1JpmpJwMoOpKTICZqTCVZLTjLpY+lSJbc4sPOVzPh+M root@ubuntu-xenial (DSA)
<14>Aug 21 03:35:27 ec2: 256 SHA256:XxJs0K+fTfn1z9ev8QdPUd+qBQd1InhFNfrxANKsVgA root@ubuntu-xenial (ECDSA)
<14>Aug 21 03:35:27 ec2: 256 SHA256:iPRAiCstdN6/hpGXN7TAV75GsXCweXWVoMEMicQpybc root@ubuntu-xenial (ED25519)
<14>Aug 21 03:35:27 ec2: 2048 SHA256:3KVPFAjfA0tQVOT5RdTXdyd7PUbN9zCSf5o6TbQyeM0 root@ubuntu-xenial (RSA)
<14>Aug 21 03:35:27 ec2: -----END SSH HOST KEY FINGERPRINTS-----
<14>Aug 21 03:35:27 ec2: #############################################################
-----BEGIN SSH HOST KEY KEYS-----
ecdsa-sha2-nistp256 AAAAE2VjZHNhLXNoYTItbmlzdHAyNTYAAAAIbmlzdHAyNTYAAABBBKdF0KIKg0zSrRL0CjeGo9iU4+6s8v0GEe7MxLt+1saC1DyabSPtihQfE6h6Ofrr5f34t7jdTcdlfEGQX/ma9GI= root@ubuntu-xenial
ssh-ed25519 AAAAC3NzaC1lZDI1NTE5AAAAINhJf+Q4wur5+uXeSqnOIpc2wMdY4bU1mOID4GcoXboP root@ubuntu-xenial
ssh-rsa AAAAB3NzaC1yc2EAAAADAQABAAABAQDPhVvk9G7i8lBWnpJXABdXWzMgXYF9D4kp8lhIVBQ0DY7YrHmhYuCffzkjLXFTWKhXMZtd57ZXmS1MVExjH6xMMq4Mls8mVtJF7SvlwEqnTntiQoShkYeH9d5MpO57ozOj9TYWqtfiEY97Opaf6V80OCeM2x96S0I9+LwKhoUVFjzxQWyBw3IZJ+2h3Ioa59YJKc5s7vWkZRXWLnzJYhaQjdsnX0r1TsDPPwAchj/Kxe7t8lQA6j1JOw1KjThp23tLCg8aareYgXCsUMsp9wTlTaer0UppvIQ6UbpdlwiTK6XZlySlTxyWG2rbuPdKkDfGhxYo3vV5wx2GC5qrUJ3/ root@ubuntu-xenial
-----END SSH HOST KEY KEYS-----
[   49.835915] cloud-init[1377]: Cloud-init v. 0.7.9 running 'modules:final' at Mon, 21 Aug 2017 03:35:26 +0000. Up 49.32 seconds.
[   49.836128] cloud-init[1377]: ci-info: no authorized ssh keys fingerprints found for user ubuntu.
[   49.836237] cloud-init[1377]: Cloud-init v. 0.7.9 finished at Mon, 21 Aug 2017 03:35:27 +0000. Datasource DataSourceNoCloud [seed=/dev/sdb][dsmode=net].  Up 49.82 seconds
